<?xml version="1.0" encoding="UTF-8"?>
<!-- Generated by org.testng.reporters.JUnitXMLReporter -->
<testsuite hostname="desktop-0001" name="Command line test" tests="32" failures="0" timestamp="9 Apr 2018 15:25:24 GMT" time="0.606" errors="0">
  <testcase name="testGetCompanies on testGetCompanies(com.excilys.db.test.CompaniesServiceTest)" time="0.004" classname="com.excilys.db.test.CompaniesServiceTest"/>
  <testcase name="testExist on testExist(com.excilys.db.test.ComputerValidatorTest)" time="0.304" classname="com.excilys.db.test.ComputerValidatorTest"/>
  <testcase name="testApp on testApp(com.excilys.db.AppTest)" time="0.0" classname="com.excilys.db.AppTest"/>
  <testcase name="testListCompanies on testListCompanies(com.excilys.db.test.CompaniesDAOTest)" time="0.003" classname="com.excilys.db.test.CompaniesDAOTest"/>
  <testcase name="testEqualsFalseName on testEqualsFalseName(com.excilys.db.test.CompaniesTest)" time="0.0" classname="com.excilys.db.test.CompaniesTest"/>
  <testcase name="testToString on testToString(com.excilys.db.test.CompaniesTest)" time="0.001" classname="com.excilys.db.test.CompaniesTest"/>
  <testcase name="testEqualsSame on testEqualsSame(com.excilys.db.test.CompaniesTest)" time="0.0" classname="com.excilys.db.test.CompaniesTest"/>
  <testcase name="testEqualsTrue on testEqualsTrue(com.excilys.db.test.CompaniesTest)" time="0.001" classname="com.excilys.db.test.CompaniesTest"/>
  <testcase name="testEqualsFalseClass on testEqualsFalseClass(com.excilys.db.test.CompaniesTest)" time="0.0" classname="com.excilys.db.test.CompaniesTest"/>
  <testcase name="testEqualsFalseCompanyId on testEqualsFalseCompanyId(com.excilys.db.test.ComputerTest)" time="0.001" classname="com.excilys.db.test.ComputerTest"/>
  <testcase name="testEqualsFalseName on testEqualsFalseName(com.excilys.db.test.ComputerTest)" time="0.0" classname="com.excilys.db.test.ComputerTest"/>
  <testcase name="testToString on testToString(com.excilys.db.test.ComputerTest)" time="0.001" classname="com.excilys.db.test.ComputerTest"/>
  <testcase name="testEqualsFalseIntroduced on testEqualsFalseIntroduced(com.excilys.db.test.ComputerTest)" time="0.0" classname="com.excilys.db.test.ComputerTest"/>
  <testcase name="testEqualsSame on testEqualsSame(com.excilys.db.test.ComputerTest)" time="0.0" classname="com.excilys.db.test.ComputerTest"/>
  <testcase name="testEqualsTrue on testEqualsTrue(com.excilys.db.test.ComputerTest)" time="0.0" classname="com.excilys.db.test.ComputerTest"/>
  <testcase name="testEqualsFalseDiscontinued on testEqualsFalseDiscontinued(com.excilys.db.test.ComputerTest)" time="0.0" classname="com.excilys.db.test.ComputerTest"/>
  <testcase name="testEqualsFalseClass on testEqualsFalseClass(com.excilys.db.test.ComputerTest)" time="0.0" classname="com.excilys.db.test.ComputerTest"/>
  <testcase name="testCreateAComputer on testCreateAComputer(com.excilys.db.test.ComputerServiceTest)" time="0.001" classname="com.excilys.db.test.ComputerServiceTest"/>
  <testcase name="testCreateAComputerDateNotNull on testCreateAComputerDateNotNull(com.excilys.db.test.ComputerDAOTest)" time="0.006" classname="com.excilys.db.test.ComputerDAOTest"/>
  <testcase name="testUpdateAComputerDateNotNull on testUpdateAComputerDateNotNull(com.excilys.db.test.ComputerDAOTest)" time="0.008" classname="com.excilys.db.test.ComputerDAOTest"/>
  <testcase name="testCreateAComputerDatesNull on testCreateAComputerDatesNull(com.excilys.db.test.ComputerDAOTest)" time="0.005" classname="com.excilys.db.test.ComputerDAOTest"/>
  <testcase name="testCreateAComputerDatesNullCompanieNull on testCreateAComputerDatesNullCompanieNull(com.excilys.db.test.ComputerDAOTest)" time="0.004" classname="com.excilys.db.test.ComputerDAOTest"/>
  <testcase name="testUpdateAComputerDateDiscNull on testUpdateAComputerDateDiscNull(com.excilys.db.test.ComputerDAOTest)" time="0.006" classname="com.excilys.db.test.ComputerDAOTest"/>
  <testcase name="testUpdateAComputerDatesNullCompanieNull on testUpdateAComputerDatesNullCompanieNull(com.excilys.db.test.ComputerDAOTest)" time="0.007" classname="com.excilys.db.test.ComputerDAOTest"/>
  <testcase name="testCreateAComputerDateIntroNull on testCreateAComputerDateIntroNull(com.excilys.db.test.ComputerDAOTest)" time="0.006" classname="com.excilys.db.test.ComputerDAOTest"/>
  <testcase name="testGetIdFromName on testGetIdFromName(com.excilys.db.test.ComputerDAOTest)" time="0.002" classname="com.excilys.db.test.ComputerDAOTest"/>
  <testcase name="testDelete on testDelete(com.excilys.db.test.ComputerDAOTest)" time="0.004" classname="com.excilys.db.test.ComputerDAOTest"/>
  <testcase name="testShowDetails on testShowDetails(com.excilys.db.test.ComputerDAOTest)" time="0.003" classname="com.excilys.db.test.ComputerDAOTest"/>
  <testcase name="testUpdateAComputerDatesNull on testUpdateAComputerDatesNull(com.excilys.db.test.ComputerDAOTest)" time="0.008" classname="com.excilys.db.test.ComputerDAOTest"/>
  <testcase name="testListComputer on testListComputer(com.excilys.db.test.ComputerDAOTest)" time="0.045" classname="com.excilys.db.test.ComputerDAOTest"/>
  <testcase name="testGetIdComputer on testGetIdComputer(com.excilys.db.test.ComputerDAOTest)" time="0.002" classname="com.excilys.db.test.ComputerDAOTest"/>
  <testcase name="testCreateAComputerDateDiscNull on testCreateAComputerDateDiscNull(com.excilys.db.test.ComputerDAOTest)" time="0.005" classname="com.excilys.db.test.ComputerDAOTest"/>
</testsuite> <!-- Command line test -->
