<?xml version="1.0" encoding="UTF-8"?>
<!-- Generated by org.testng.reporters.JUnitXMLReporter -->
<testsuite hostname="desktop-0001" name="Command line test" tests="35" failures="0" timestamp="28 Mar 2018 12:47:02 GMT" time="0.836" errors="0">
  <testcase name="testExist on testExist(com.excilys.db.test.ComputerValidatorTest)" time="0.272" classname="com.excilys.db.test.ComputerValidatorTest"/>
  <testcase name="testEqualsFalseCompanyId on testEqualsFalseCompanyId(com.excilys.db.test.ComputerTest)" time="0.001" classname="com.excilys.db.test.ComputerTest"/>
  <testcase name="testEqualsFalseName on testEqualsFalseName(com.excilys.db.test.ComputerTest)" time="0.0" classname="com.excilys.db.test.ComputerTest"/>
  <testcase name="testToString on testToString(com.excilys.db.test.ComputerTest)" time="0.001" classname="com.excilys.db.test.ComputerTest"/>
  <testcase name="testEqualsFalseIntroduced on testEqualsFalseIntroduced(com.excilys.db.test.ComputerTest)" time="0.0" classname="com.excilys.db.test.ComputerTest"/>
  <testcase name="testEqualsSame on testEqualsSame(com.excilys.db.test.ComputerTest)" time="0.0" classname="com.excilys.db.test.ComputerTest"/>
  <testcase name="testEqualsTrue on testEqualsTrue(com.excilys.db.test.ComputerTest)" time="0.0" classname="com.excilys.db.test.ComputerTest"/>
  <testcase name="testEqualsFalseDiscontinued on testEqualsFalseDiscontinued(com.excilys.db.test.ComputerTest)" time="0.0" classname="com.excilys.db.test.ComputerTest"/>
  <testcase name="testEqualsFalseClass on testEqualsFalseClass(com.excilys.db.test.ComputerTest)" time="0.001" classname="com.excilys.db.test.ComputerTest"/>
  <testcase name="testApp on testApp(com.excilys.db.AppTest)" time="0.001" classname="com.excilys.db.AppTest"/>
  <testcase name="testEqualsFalseName on testEqualsFalseName(com.excilys.db.test.CompaniesTest)" time="0.001" classname="com.excilys.db.test.CompaniesTest"/>
  <testcase name="testToString on testToString(com.excilys.db.test.CompaniesTest)" time="0.0" classname="com.excilys.db.test.CompaniesTest"/>
  <testcase name="testEqualsSame on testEqualsSame(com.excilys.db.test.CompaniesTest)" time="0.0" classname="com.excilys.db.test.CompaniesTest"/>
  <testcase name="testEqualsTrue on testEqualsTrue(com.excilys.db.test.CompaniesTest)" time="0.0" classname="com.excilys.db.test.CompaniesTest"/>
  <testcase name="testEqualsFalseClass on testEqualsFalseClass(com.excilys.db.test.CompaniesTest)" time="0.0" classname="com.excilys.db.test.CompaniesTest"/>
  <testcase name="testCreateAComputerDateNotNull on testCreateAComputerDateNotNull(com.excilys.db.test.ComputerDAOTest)" time="0.018" classname="com.excilys.db.test.ComputerDAOTest"/>
  <testcase name="testUpdateAComputerDateIntroNull on testUpdateAComputerDateIntroNull(com.excilys.db.test.ComputerDAOTest)" time="0.033" classname="com.excilys.db.test.ComputerDAOTest"/>
  <testcase name="testUpdateAComputerDateNotNull on testUpdateAComputerDateNotNull(com.excilys.db.test.ComputerDAOTest)" time="0.031" classname="com.excilys.db.test.ComputerDAOTest"/>
  <testcase name="testCreateAComputerDatesNull on testCreateAComputerDatesNull(com.excilys.db.test.ComputerDAOTest)" time="0.017" classname="com.excilys.db.test.ComputerDAOTest"/>
  <testcase name="testCreateAComputerDatesNullCompanieNull on testCreateAComputerDatesNullCompanieNull(com.excilys.db.test.ComputerDAOTest)" time="0.017" classname="com.excilys.db.test.ComputerDAOTest"/>
  <testcase name="testUpdateAComputerDateDiscNull on testUpdateAComputerDateDiscNull(com.excilys.db.test.ComputerDAOTest)" time="0.027" classname="com.excilys.db.test.ComputerDAOTest"/>
  <testcase name="testUpdateAComputerDatesNullCompanieNull on testUpdateAComputerDatesNullCompanieNull(com.excilys.db.test.ComputerDAOTest)" time="0.028" classname="com.excilys.db.test.ComputerDAOTest"/>
  <testcase name="testCreateAComputerDateIntroNull on testCreateAComputerDateIntroNull(com.excilys.db.test.ComputerDAOTest)" time="0.017" classname="com.excilys.db.test.ComputerDAOTest"/>
  <testcase name="testGetIdFromName on testGetIdFromName(com.excilys.db.test.ComputerDAOTest)" time="0.005" classname="com.excilys.db.test.ComputerDAOTest"/>
  <testcase name="testDelete on testDelete(com.excilys.db.test.ComputerDAOTest)" time="0.018" classname="com.excilys.db.test.ComputerDAOTest"/>
  <testcase name="testShowDetails on testShowDetails(com.excilys.db.test.ComputerDAOTest)" time="0.006" classname="com.excilys.db.test.ComputerDAOTest"/>
  <testcase name="testUpdateAComputerDatesNull on testUpdateAComputerDatesNull(com.excilys.db.test.ComputerDAOTest)" time="0.029" classname="com.excilys.db.test.ComputerDAOTest"/>
  <testcase name="testListComputer on testListComputer(com.excilys.db.test.ComputerDAOTest)" time="0.05" classname="com.excilys.db.test.ComputerDAOTest"/>
  <testcase name="testGetIdComputer on testGetIdComputer(com.excilys.db.test.ComputerDAOTest)" time="0.005" classname="com.excilys.db.test.ComputerDAOTest"/>
  <testcase name="testCreateAComputerDateDiscNull on testCreateAComputerDateDiscNull(com.excilys.db.test.ComputerDAOTest)" time="0.018" classname="com.excilys.db.test.ComputerDAOTest"/>
  <testcase name="testMapper on testMapper(com.excilys.db.test.ComputerMapperTest)" time="0.0" classname="com.excilys.db.test.ComputerMapperTest"/>
  <testcase name="testCreateAComputer on testCreateAComputer(com.excilys.db.test.ComputerServiceTest)" time="0.0" classname="com.excilys.db.test.ComputerServiceTest"/>
  <testcase name="testListCompanies on testListCompanies(com.excilys.db.test.CompaniesDAOTest)" time="0.003" classname="com.excilys.db.test.CompaniesDAOTest"/>
  <testcase name="testMockDBConnection on testMockDBConnection(com.excilys.db.test.ConnectionTest)" time="0.09" classname="com.excilys.db.test.ConnectionTest"/>
  <testcase name="testGetCompanies on testGetCompanies(com.excilys.db.test.CompaniesServiceTest)" time="0.0" classname="com.excilys.db.test.CompaniesServiceTest"/>
</testsuite> <!-- Command line test -->
