<?xml version="1.0" encoding="UTF-8" ?>
<testsuite tests="32" failures="0" name="TestSuite" time="0.424" errors="0" skipped="0">
  <properties>
[...]
</properties>
  <testcase classname="com.excilys.db.test.CompaniesServiceTest" name="testGetCompanies on testGetCompanies(com.excilys.db.test.CompaniesServiceTest)" time="0.002"/>
  <testcase classname="com.excilys.db.test.ComputerValidatorTest" name="testExist on testExist(com.excilys.db.test.ComputerValidatorTest)" time="0.303"/>
  <testcase classname="com.excilys.db.AppTest" name="testApp on testApp(com.excilys.db.AppTest)" time="0"/>
  <testcase classname="com.excilys.db.test.CompaniesDAOTest" name="testListCompanies on testListCompanies(com.excilys.db.test.CompaniesDAOTest)" time="0.002"/>
  <testcase classname="com.excilys.db.test.CompaniesTest" name="testEqualsFalseName on testEqualsFalseName(com.excilys.db.test.CompaniesTest)" time="0"/>
  <testcase classname="com.excilys.db.test.CompaniesTest" name="testToString on testToString(com.excilys.db.test.CompaniesTest)" time="0"/>
  <testcase classname="com.excilys.db.test.CompaniesTest" name="testEqualsSame on testEqualsSame(com.excilys.db.test.CompaniesTest)" time="0"/>
  <testcase classname="com.excilys.db.test.CompaniesTest" name="testEqualsTrue on testEqualsTrue(com.excilys.db.test.CompaniesTest)" time="0.001"/>
  <testcase classname="com.excilys.db.test.CompaniesTest" name="testEqualsFalseClass on testEqualsFalseClass(com.excilys.db.test.CompaniesTest)" time="0"/>
  <testcase classname="com.excilys.db.test.ComputerTest" name="testEqualsFalseCompanyId on testEqualsFalseCompanyId(com.excilys.db.test.ComputerTest)" time="0"/>
  <testcase classname="com.excilys.db.test.ComputerTest" name="testEqualsFalseName on testEqualsFalseName(com.excilys.db.test.ComputerTest)" time="0"/>
  <testcase classname="com.excilys.db.test.ComputerTest" name="testToString on testToString(com.excilys.db.test.ComputerTest)" time="0.001"/>
  <testcase classname="com.excilys.db.test.ComputerTest" name="testEqualsFalseIntroduced on testEqualsFalseIntroduced(com.excilys.db.test.ComputerTest)" time="0"/>
  <testcase classname="com.excilys.db.test.ComputerTest" name="testEqualsSame on testEqualsSame(com.excilys.db.test.ComputerTest)" time="0.001"/>
  <testcase classname="com.excilys.db.test.ComputerTest" name="testEqualsTrue on testEqualsTrue(com.excilys.db.test.ComputerTest)" time="0"/>
  <testcase classname="com.excilys.db.test.ComputerTest" name="testEqualsFalseDiscontinued on testEqualsFalseDiscontinued(com.excilys.db.test.ComputerTest)" time="0"/>
  <testcase classname="com.excilys.db.test.ComputerTest" name="testEqualsFalseClass on testEqualsFalseClass(com.excilys.db.test.ComputerTest)" time="0"/>
  <testcase classname="com.excilys.db.test.ComputerServiceTest" name="testCreateAComputer on testCreateAComputer(com.excilys.db.test.ComputerServiceTest)" time="0"/>
  <testcase classname="com.excilys.db.test.ComputerDAOTest" name="testCreateAComputerDateNotNull on testCreateAComputerDateNotNull(com.excilys.db.test.ComputerDAOTest)" time="0.007"/>
  <testcase classname="com.excilys.db.test.ComputerDAOTest" name="testUpdateAComputerDateNotNull on testUpdateAComputerDateNotNull(com.excilys.db.test.ComputerDAOTest)" time="0.009"/>
  <testcase classname="com.excilys.db.test.ComputerDAOTest" name="testCreateAComputerDatesNull on testCreateAComputerDatesNull(com.excilys.db.test.ComputerDAOTest)" time="0.005"/>
  <testcase classname="com.excilys.db.test.ComputerDAOTest" name="testCreateAComputerDatesNullCompanieNull on testCreateAComputerDatesNullCompanieNull(com.excilys.db.test.ComputerDAOTest)" time="0.004"/>
  <testcase classname="com.excilys.db.test.ComputerDAOTest" name="testUpdateAComputerDateDiscNull on testUpdateAComputerDateDiscNull(com.excilys.db.test.ComputerDAOTest)" time="0.006"/>
  <testcase classname="com.excilys.db.test.ComputerDAOTest" name="testUpdateAComputerDatesNullCompanieNull on testUpdateAComputerDatesNullCompanieNull(com.excilys.db.test.ComputerDAOTest)" time="0.007"/>
  <testcase classname="com.excilys.db.test.ComputerDAOTest" name="testCreateAComputerDateIntroNull on testCreateAComputerDateIntroNull(com.excilys.db.test.ComputerDAOTest)" time="0.005"/>
  <testcase classname="com.excilys.db.test.ComputerDAOTest" name="testGetIdFromName on testGetIdFromName(com.excilys.db.test.ComputerDAOTest)" time="0.002"/>
  <testcase classname="com.excilys.db.test.ComputerDAOTest" name="testDelete on testDelete(com.excilys.db.test.ComputerDAOTest)" time="0.005"/>
  <testcase classname="com.excilys.db.test.ComputerDAOTest" name="testShowDetails on testShowDetails(com.excilys.db.test.ComputerDAOTest)" time="0.003"/>
  <testcase classname="com.excilys.db.test.ComputerDAOTest" name="testUpdateAComputerDatesNull on testUpdateAComputerDatesNull(com.excilys.db.test.ComputerDAOTest)" time="0.008"/>
  <testcase classname="com.excilys.db.test.ComputerDAOTest" name="testListComputer on testListComputer(com.excilys.db.test.ComputerDAOTest)" time="0.045"/>
  <testcase classname="com.excilys.db.test.ComputerDAOTest" name="testGetIdComputer on testGetIdComputer(com.excilys.db.test.ComputerDAOTest)" time="0.002"/>
  <testcase classname="com.excilys.db.test.ComputerDAOTest" name="testCreateAComputerDateDiscNull on testCreateAComputerDateDiscNull(com.excilys.db.test.ComputerDAOTest)" time="0.006"/>
</testsuite>